TN:
SF:exercicio2.js
FN:1,myRemove
FNF:1
FNH:1
FNDA:4,myRemove
DA:2,4
DA:3,4
DA:4,16
DA:5,13
DA:8,4
DA:10,1
DA:12,1
LF:7
LH:7
BRDA:4,0,0,13
BRDA:4,0,1,3
BRF:2
BRH:2
end_of_record
TN:
SF:exercicio3.js
FN:1,myFizzBuzz
FNF:1
FNH:1
FNDA:6,myFizzBuzz
DA:2,6
DA:3,5
DA:4,4
DA:5,3
DA:6,2
DA:9,1
LF:6
LH:6
BRDA:2,0,0,1
BRDA:2,0,1,5
BRDA:3,1,0,1
BRDA:3,1,1,4
BRDA:3,2,0,5
BRDA:3,2,1,2
BRDA:4,3,0,1
BRDA:4,3,1,3
BRDA:5,4,0,1
BRDA:5,4,1,2
BRF:10
BRH:10
end_of_record
TN:
SF:exercicio4.js
FN:4,encode
FN:6,(anonymous_1)
FN:7,(anonymous_2)
FN:15,decode
FN:17,(anonymous_4)
FN:18,(anonymous_5)
FNF:6
FNH:3
FNDA:1,encode
FNDA:1,(anonymous_1)
FNDA:5,(anonymous_2)
FNDA:0,decode
FNDA:0,(anonymous_4)
FNDA:0,(anonymous_5)
DA:1,1
DA:2,1
DA:5,1
DA:6,1
DA:7,1
DA:8,5
DA:12,1
DA:16,0
DA:17,0
DA:18,0
DA:19,0
DA:23,0
DA:26,1
LF:13
LH:8
BRDA:8,0,0,1
BRDA:8,0,1,4
BRDA:19,1,0,0
BRDA:19,1,1,0
BRF:4
BRH:2
end_of_record
TN:
SF:sum.js
FN:1,sum
FNF:1
FNH:1
FNDA:4,sum
DA:2,4
DA:3,2
DA:6,2
DA:9,1
LF:4
LH:4
BRDA:2,0,0,2
BRDA:2,0,1,2
BRDA:2,1,0,4
BRDA:2,1,1,4
BRF:4
BRH:4
end_of_record
